TN:
SF:src\App.jsx
FN:7,App
FN:12,(anonymous_1)
FN:13,(anonymous_2)
FN:21,(anonymous_3)
FN:28,(anonymous_4)
FN:30,(anonymous_5)
FNF:6
FNH:4
FNDA:12,App
FNDA:5,(anonymous_1)
FNDA:5,(anonymous_2)
FNDA:10,(anonymous_3)
FNDA:0,(anonymous_4)
FNDA:0,(anonymous_5)
DA:8,12
DA:9,12
DA:12,12
DA:13,5
DA:14,5
DA:15,5
DA:17,5
DA:21,12
DA:22,10
DA:23,5
DA:28,12
DA:29,0
DA:30,0
DA:32,0
DA:35,12
LF:15
LH:12
BRDA:14,0,0,5
BRDA:14,0,1,0
BRDA:22,1,0,5
BRDA:22,1,1,5
BRF:4
BRH:3
end_of_record
TN:
SF:src\main.jsx
FNF:0
FNH:0
DA:6,1
LF:1
LH:1
BRF:0
BRH:0
end_of_record
TN:
SF:src\components\Error.jsx
FN:3,(anonymous_0)
FNF:1
FNH:1
FNDA:1,(anonymous_0)
DA:3,6
DA:4,1
LF:2
LH:2
BRF:0
BRH:0
end_of_record
TN:
SF:src\components\Formulario.jsx
FN:6,(anonymous_0)
FN:20,(anonymous_1)
FN:30,(anonymous_2)
FN:37,(anonymous_3)
FN:117,(anonymous_4)
FN:163,(anonymous_5)
FN:180,(anonymous_6)
FN:197,(anonymous_7)
FN:213,(anonymous_8)
FN:229,(anonymous_9)
FNF:10
FNH:6
FNDA:26,(anonymous_0)
FNDA:10,(anonymous_1)
FNDA:0,(anonymous_2)
FNDA:2,(anonymous_3)
FNDA:0,(anonymous_4)
FNDA:4,(anonymous_5)
FNDA:0,(anonymous_6)
FNDA:0,(anonymous_7)
FNDA:1,(anonymous_8)
FNDA:1,(anonymous_9)
DA:6,3
DA:12,26
DA:13,26
DA:14,26
DA:15,26
DA:16,26
DA:18,26
DA:20,26
DA:21,10
DA:22,1
DA:23,1
DA:24,1
DA:25,1
DA:26,1
DA:30,26
DA:31,0
DA:32,0
DA:34,0
DA:37,26
DA:38,2
DA:47,2
DA:48,1
DA:49,1
DA:50,1
DA:51,1
DA:54,1
DA:55,1
DA:56,1
DA:57,1
DA:58,1
DA:61,0
DA:62,0
DA:63,0
DA:64,0
DA:65,0
DA:69,0
DA:71,0
DA:72,0
DA:73,0
DA:74,0
DA:75,0
DA:78,0
DA:79,0
DA:80,0
DA:81,0
DA:82,0
DA:86,0
DA:87,0
DA:88,0
DA:90,0
DA:91,0
DA:92,0
DA:93,0
DA:94,0
DA:97,0
DA:98,0
DA:99,0
DA:100,0
DA:101,0
DA:104,0
DA:105,0
DA:107,0
DA:115,0
DA:116,0
DA:117,0
DA:118,0
DA:121,0
DA:122,0
DA:124,0
DA:125,0
DA:129,0
DA:130,0
DA:131,0
DA:132,0
DA:133,0
DA:136,26
DA:163,4
DA:180,0
DA:197,0
DA:213,1
DA:229,1
LF:81
LH:31
BRDA:21,0,0,1
BRDA:21,0,1,9
BRDA:21,1,0,10
BRDA:21,1,1,0
BRDA:47,2,0,1
BRDA:47,2,1,1
BRDA:54,3,0,1
BRDA:54,3,1,0
BRDA:61,4,0,0
BRDA:61,4,1,0
BRDA:71,5,0,0
BRDA:71,5,1,0
BRDA:78,6,0,0
BRDA:78,6,1,0
BRDA:90,7,0,0
BRDA:90,7,1,0
BRDA:97,8,0,0
BRDA:97,8,1,0
BRDA:115,9,0,0
BRDA:115,9,1,0
BRDA:118,10,0,0
BRDA:118,10,1,0
BRDA:238,11,0,0
BRDA:238,11,1,26
BRDA:238,12,0,26
BRDA:238,12,1,26
BRF:26
BRH:9
end_of_record
TN:
SF:src\components\Header.jsx
FN:2,Header
FNF:1
FNH:1
FNDA:12,Header
DA:4,12
LF:1
LH:1
BRF:0
BRH:0
end_of_record
TN:
SF:src\components\ListadoPacientes.jsx
FN:6,(anonymous_0)
FN:26,(anonymous_1)
FNF:2
FNH:2
FNDA:14,(anonymous_0)
FNDA:7,(anonymous_1)
DA:6,3
DA:11,14
DA:27,7
LF:3
LH:3
BRDA:13,0,0,6
BRDA:13,0,1,8
BRDA:13,1,0,14
BRDA:13,1,1,14
BRF:4
BRH:4
end_of_record
TN:
SF:src\components\Paciente.jsx
FN:4,(anonymous_0)
FN:6,(anonymous_1)
FN:43,(anonymous_2)
FNF:3
FNH:3
FNDA:11,(anonymous_0)
FNDA:2,(anonymous_1)
FNDA:1,(anonymous_2)
DA:4,5
DA:5,11
DA:6,11
DA:7,2
DA:8,2
DA:9,1
DA:12,11
DA:43,1
LF:8
LH:8
BRDA:8,0,0,1
BRDA:8,0,1,1
BRF:2
BRH:2
end_of_record
