TN:
SF:src\App.jsx
FN:7,App
FN:12,(anonymous_1)
FN:13,(anonymous_2)
FN:21,(anonymous_3)
FN:28,(anonymous_4)
FN:30,(anonymous_5)
FNF:6
FNH:4
FNDA:13,App
FNDA:5,(anonymous_1)
FNDA:5,(anonymous_2)
FNDA:10,(anonymous_3)
FNDA:0,(anonymous_4)
FNDA:0,(anonymous_5)
DA:8,13
DA:9,13
DA:12,13
DA:13,5
DA:14,5
DA:15,5
DA:17,5
DA:21,13
DA:22,10
DA:23,5
DA:28,13
DA:29,0
DA:30,0
DA:32,0
DA:35,13
LF:15
LH:12
BRDA:14,0,0,5
BRDA:14,0,1,0
BRDA:22,1,0,5
BRDA:22,1,1,5
BRF:4
BRH:3
end_of_record
TN:
SF:src\main.jsx
FNF:0
FNH:0
DA:6,1
LF:1
LH:1
BRF:0
BRH:0
end_of_record
TN:
SF:src\components\Error.jsx
FN:3,(anonymous_0)
FNF:1
FNH:1
FNDA:1,(anonymous_0)
DA:3,6
DA:4,1
LF:2
LH:2
BRF:0
BRH:0
end_of_record
TN:
SF:src\components\Formulario.jsx
FN:6,(anonymous_0)
FN:20,(anonymous_1)
FN:30,(anonymous_2)
FN:36,(anonymous_3)
FN:99,(anonymous_4)
FN:135,(anonymous_5)
FN:149,(anonymous_6)
FN:163,(anonymous_7)
FN:176,(anonymous_8)
FN:189,(anonymous_9)
FNF:10
FNH:9
FNDA:120,(anonymous_0)
FNDA:16,(anonymous_1)
FNDA:2,(anonymous_2)
FNDA:11,(anonymous_3)
FNDA:0,(anonymous_4)
FNDA:12,(anonymous_5)
FNDA:11,(anonymous_6)
FNDA:21,(anonymous_7)
FNDA:9,(anonymous_8)
FNDA:23,(anonymous_9)
DA:6,3
DA:12,120
DA:13,120
DA:14,120
DA:15,120
DA:16,120
DA:17,120
DA:20,120
DA:21,16
DA:22,11
DA:23,11
DA:24,11
DA:25,11
DA:26,11
DA:30,120
DA:31,2
DA:32,2
DA:33,2
DA:36,120
DA:37,11
DA:40,11
DA:41,2
DA:42,2
DA:43,2
DA:45,9
DA:46,1
DA:47,1
DA:48,1
DA:50,8
DA:51,1
DA:52,1
DA:53,1
DA:56,7
DA:57,7
DA:58,1
DA:59,1
DA:60,1
DA:63,6
DA:64,1
DA:65,1
DA:66,1
DA:69,5
DA:70,5
DA:71,5
DA:73,5
DA:74,2
DA:75,2
DA:76,2
DA:79,3
DA:80,1
DA:81,1
DA:82,1
DA:85,2
DA:88,2
DA:97,2
DA:98,0
DA:99,0
DA:100,0
DA:103,0
DA:104,0
DA:106,2
DA:107,2
DA:111,2
DA:112,2
DA:113,2
DA:114,2
DA:115,2
DA:118,120
DA:135,12
DA:149,11
DA:163,21
DA:176,9
DA:189,23
LF:73
LH:68
BRDA:21,0,0,11
BRDA:21,0,1,5
BRDA:21,1,0,16
BRDA:21,1,1,0
BRDA:40,2,0,2
BRDA:40,2,1,9
BRDA:45,3,0,1
BRDA:45,3,1,8
BRDA:50,4,0,1
BRDA:50,4,1,7
BRDA:57,5,0,1
BRDA:57,5,1,6
BRDA:63,6,0,1
BRDA:63,6,1,5
BRDA:73,7,0,2
BRDA:73,7,1,3
BRDA:79,8,0,1
BRDA:79,8,1,2
BRDA:97,9,0,0
BRDA:97,9,1,2
BRDA:100,10,0,0
BRDA:100,10,1,0
BRDA:197,11,0,2
BRDA:197,11,1,118
BRDA:197,12,0,120
BRDA:197,12,1,120
BRF:26
BRH:22
end_of_record
TN:
SF:src\components\Header.jsx
FN:2,Header
FNF:1
FNH:1
FNDA:13,Header
DA:4,13
LF:1
LH:1
BRF:0
BRH:0
end_of_record
TN:
SF:src\components\ListadoPacientes.jsx
FN:6,(anonymous_0)
FN:26,(anonymous_1)
FNF:2
FNH:2
FNDA:15,(anonymous_0)
FNDA:8,(anonymous_1)
DA:6,3
DA:11,15
DA:27,8
LF:3
LH:3
BRDA:13,0,0,7
BRDA:13,0,1,8
BRDA:13,1,0,15
BRDA:13,1,1,15
BRF:4
BRH:4
end_of_record
TN:
SF:src\components\Paciente.jsx
FN:4,(anonymous_0)
FN:6,(anonymous_1)
FN:43,(anonymous_2)
FNF:3
FNH:3
FNDA:12,(anonymous_0)
FNDA:3,(anonymous_1)
FNDA:2,(anonymous_2)
DA:4,5
DA:5,12
DA:6,12
DA:7,3
DA:8,3
DA:9,1
DA:12,12
DA:43,2
LF:8
LH:8
BRDA:8,0,0,1
BRDA:8,0,1,2
BRF:2
BRH:2
end_of_record
